<?xml version="1.0" encoding="UTF-8"?>
<coverage generated="1483660230">
  <project timestamp="1483660230">
    <package name="Mage\Command">
      <file name="/media/sf_code/Personal/magallanes/Magallanes/src/Mage/Command/AbstractCommand.php">
        <class name="AbstractCommand" namespace="Mage\Command">
          <metrics methods="2" coveredmethods="2" conditionals="0" coveredconditionals="0" statements="4" coveredstatements="4" elements="6" coveredelements="6"/>
        </class>
        <line num="35" type="method" name="setRuntime" crap="1" count="22"/>
        <line num="37" type="stmt" count="22"/>
        <line num="39" type="stmt" count="22"/>
        <line num="48" type="method" name="log" crap="1" count="13"/>
        <line num="50" type="stmt" count="13"/>
        <line num="51" type="stmt" count="13"/>
        <metrics loc="52" ncloc="24" classes="1" methods="2" coveredmethods="2" conditionals="0" coveredconditionals="0" statements="4" coveredstatements="4" elements="6" coveredelements="6"/>
      </file>
    </package>
    <package name="Mage\Command\BuiltIn\Config">
      <file name="/media/sf_code/Personal/magallanes/Magallanes/src/Mage/Command/BuiltIn/Config/DumpCommand.php">
        <class name="DumpCommand" namespace="Mage\Command\BuiltIn\Config">
          <metrics methods="2" coveredmethods="2" conditionals="0" coveredconditionals="0" statements="9" coveredstatements="9" elements="11" coveredelements="11"/>
        </class>
        <line num="27" type="method" name="configure" crap="1" count="22"/>
        <line num="30" type="stmt" count="22"/>
        <line num="31" type="stmt" count="22"/>
        <line num="33" type="stmt" count="22"/>
        <line num="42" type="method" name="execute" crap="1" count="1"/>
        <line num="44" type="stmt" count="1"/>
        <line num="45" type="stmt" count="1"/>
        <line num="47" type="stmt" count="1"/>
        <line num="49" type="stmt" count="1"/>
        <line num="50" type="stmt" count="1"/>
        <line num="52" type="stmt" count="1"/>
        <metrics loc="54" ncloc="31" classes="1" methods="2" coveredmethods="2" conditionals="0" coveredconditionals="0" statements="9" coveredstatements="9" elements="11" coveredelements="11"/>
      </file>
      <file name="/media/sf_code/Personal/magallanes/Magallanes/src/Mage/Command/BuiltIn/Config/EnvironmentsCommand.php">
        <class name="EnvironmentsCommand" namespace="Mage\Command\BuiltIn\Config">
          <metrics methods="2" coveredmethods="2" conditionals="0" coveredconditionals="0" statements="18" coveredstatements="18" elements="20" coveredelements="20"/>
        </class>
        <line num="28" type="method" name="configure" crap="1" count="22"/>
        <line num="31" type="stmt" count="22"/>
        <line num="32" type="stmt" count="22"/>
        <line num="34" type="stmt" count="22"/>
        <line num="43" type="method" name="execute" crap="5" count="1"/>
        <line num="45" type="stmt" count="1"/>
        <line num="46" type="stmt" count="1"/>
        <line num="48" type="stmt" count="1"/>
        <line num="49" type="stmt" count="1"/>
        <line num="51" type="stmt" count="1"/>
        <line num="52" type="stmt" count="1"/>
        <line num="53" type="stmt" count="1"/>
        <line num="55" type="stmt" count="1"/>
        <line num="56" type="stmt" count="1"/>
        <line num="57" type="stmt" count="1"/>
        <line num="59" type="stmt" count="1"/>
        <line num="62" type="stmt" count="1"/>
        <line num="64" type="stmt" count="1"/>
        <line num="65" type="stmt" count="1"/>
        <line num="67" type="stmt" count="1"/>
        <metrics loc="69" ncloc="46" classes="1" methods="2" coveredmethods="2" conditionals="0" coveredconditionals="0" statements="18" coveredstatements="18" elements="20" coveredelements="20"/>
      </file>
    </package>
    <package name="Mage\Command\BuiltIn">
      <file name="/media/sf_code/Personal/magallanes/Magallanes/src/Mage/Command/BuiltIn/DeployCommand.php">
        <class name="DeployCommand" namespace="Mage\Command\BuiltIn">
          <metrics methods="5" coveredmethods="5" conditionals="0" coveredconditionals="0" statements="122" coveredstatements="122" elements="127" coveredelements="127"/>
        </class>
        <line num="49" type="method" name="configure" crap="1" count="22"/>
        <line num="52" type="stmt" count="22"/>
        <line num="53" type="stmt" count="22"/>
        <line num="54" type="stmt" count="22"/>
        <line num="55" type="stmt" count="22"/>
        <line num="57" type="stmt" count="22"/>
        <line num="66" type="method" name="execute" crap="6" count="11"/>
        <line num="68" type="stmt" count="11"/>
        <line num="69" type="stmt" count="11"/>
        <line num="72" type="stmt" count="11"/>
        <line num="78" type="stmt" count="11"/>
        <line num="79" type="stmt" count="11"/>
        <line num="81" type="stmt" count="11"/>
        <line num="82" type="stmt" count="2"/>
        <line num="83" type="stmt" count="2"/>
        <line num="84" type="stmt" count="2"/>
        <line num="87" type="stmt" count="11"/>
        <line num="88" type="stmt" count="11"/>
        <line num="91" type="stmt" count="11"/>
        <line num="95" type="stmt" count="11"/>
        <line num="96" type="stmt" count="1"/>
        <line num="99" type="stmt" count="11"/>
        <line num="100" type="stmt" count="11"/>
        <line num="101" type="stmt" count="3"/>
        <line num="102" type="stmt" count="2"/>
        <line num="103" type="stmt" count="2"/>
        <line num="106" type="stmt" count="8"/>
        <line num="108" type="stmt" count="8"/>
        <line num="117" type="method" name="runDeployment" crap="36" count="12"/>
        <line num="120" type="stmt" count="12"/>
        <line num="121" type="stmt" count="12"/>
        <line num="123" type="stmt" count="12"/>
        <line num="124" type="stmt" count="7"/>
        <line num="125" type="stmt" count="7"/>
        <line num="129" type="stmt" count="12"/>
        <line num="130" type="stmt" count="2"/>
        <line num="131" type="stmt" count="2"/>
        <line num="135" type="stmt" count="12"/>
        <line num="140" type="stmt" count="11"/>
        <line num="141" type="stmt" count="11"/>
        <line num="145" type="stmt" count="11"/>
        <line num="146" type="stmt" count="11"/>
        <line num="148" type="stmt" count="11"/>
        <line num="151" type="stmt" count="11"/>
        <line num="152" type="stmt" count="3"/>
        <line num="153" type="stmt" count="2"/>
        <line num="156" type="stmt" count="3"/>
        <line num="157" type="stmt" count="3"/>
        <line num="160" type="stmt" count="8"/>
        <line num="161" type="stmt" count="7"/>
        <line num="165" type="stmt" count="11"/>
        <line num="166" type="stmt" count="11"/>
        <line num="167" type="stmt" count="11"/>
        <line num="168" type="stmt" count="1"/>
        <line num="170" type="stmt" count="10"/>
        <line num="175" type="stmt" count="10"/>
        <line num="176" type="stmt" count="10"/>
        <line num="180" type="stmt" count="10"/>
        <line num="181" type="stmt" count="10"/>
        <line num="183" type="stmt" count="10"/>
        <line num="184" type="stmt" count="2"/>
        <line num="185" type="stmt" count="2"/>
        <line num="189" type="stmt" count="10"/>
        <line num="190" type="stmt" count="10"/>
        <line num="191" type="stmt" count="10"/>
        <line num="194" type="stmt" count="10"/>
        <line num="199" type="stmt" count="10"/>
        <line num="200" type="stmt" count="10"/>
        <line num="204" type="stmt" count="10"/>
        <line num="205" type="stmt" count="10"/>
        <line num="207" type="stmt" count="10"/>
        <line num="208" type="stmt" count="1"/>
        <line num="209" type="stmt" count="1"/>
        <line num="213" type="stmt" count="10"/>
        <line num="214" type="stmt" count="10"/>
        <line num="215" type="stmt" count="10"/>
        <line num="218" type="stmt" count="10"/>
        <line num="223" type="stmt" count="10"/>
        <line num="224" type="stmt" count="10"/>
        <line num="225" type="stmt" count="10"/>
        <line num="226" type="stmt" count="1"/>
        <line num="227" type="stmt" count="1"/>
        <line num="231" type="stmt" count="10"/>
        <line num="232" type="stmt" count="6"/>
        <line num="233" type="stmt" count="6"/>
        <line num="237" type="stmt" count="10"/>
        <line num="238" type="stmt" count="1"/>
        <line num="240" type="stmt" count="9"/>
        <line num="250" type="method" name="runTasks" crap="10" count="12"/>
        <line num="252" type="stmt" count="12"/>
        <line num="253" type="stmt" count="9"/>
        <line num="254" type="stmt" count="9"/>
        <line num="255" type="stmt" count="9"/>
        <line num="258" type="stmt" count="12"/>
        <line num="259" type="stmt" count="11"/>
        <line num="261" type="stmt" count="11"/>
        <line num="264" type="stmt" count="12"/>
        <line num="265" type="stmt" count="12"/>
        <line num="267" type="stmt" count="12"/>
        <line num="269" type="stmt" count="12"/>
        <line num="270" type="stmt" count="11"/>
        <line num="271" type="stmt" count="11"/>
        <line num="273" type="stmt" count="11"/>
        <line num="274" type="stmt" count="1"/>
        <line num="275" type="stmt" count="1"/>
        <line num="276" type="stmt" count="1"/>
        <line num="279" type="stmt" count="11"/>
        <line num="280" type="stmt" count="11"/>
        <line num="281" type="stmt" count="11"/>
        <line num="282" type="stmt" count="11"/>
        <line num="286" type="stmt" count="11"/>
        <line num="288" type="stmt" count="3"/>
        <line num="289" type="stmt" count="1"/>
        <line num="290" type="stmt" count="1"/>
        <line num="291" type="stmt" count="1"/>
        <line num="292" type="stmt" count="2"/>
        <line num="293" type="stmt" count="2"/>
        <line num="294" type="stmt" count="2"/>
        <line num="295" type="stmt" count="11"/>
        <line num="300" type="stmt" count="11"/>
        <line num="301" type="stmt" count="2"/>
        <line num="303" type="stmt" count="11"/>
        <line num="306" type="stmt" count="11"/>
        <line num="307" type="stmt" count="11"/>
        <line num="309" type="stmt" count="11"/>
        <line num="317" type="method" name="getStageName" crap="1" count="12"/>
        <line num="319" type="stmt" count="12"/>
        <metrics loc="321" ncloc="260" classes="1" methods="5" coveredmethods="5" conditionals="0" coveredconditionals="0" statements="122" coveredstatements="122" elements="127" coveredelements="127"/>
      </file>
      <file name="/media/sf_code/Personal/magallanes/Magallanes/src/Mage/Command/BuiltIn/VersionCommand.php">
        <class name="VersionCommand" namespace="Mage\Command\BuiltIn">
          <metrics methods="2" coveredmethods="2" conditionals="0" coveredconditionals="0" statements="5" coveredstatements="5" elements="7" coveredelements="7"/>
        </class>
        <line num="28" type="method" name="configure" crap="1" count="22"/>
        <line num="31" type="stmt" count="22"/>
        <line num="32" type="stmt" count="22"/>
        <line num="34" type="stmt" count="22"/>
        <line num="43" type="method" name="execute" crap="1" count="1"/>
        <line num="45" type="stmt" count="1"/>
        <line num="47" type="stmt" count="1"/>
        <metrics loc="49" ncloc="26" classes="1" methods="2" coveredmethods="2" conditionals="0" coveredconditionals="0" statements="5" coveredstatements="5" elements="7" coveredelements="7"/>
      </file>
    </package>
    <package name="Mage\Command\BuiltIn\Releases">
      <file name="/media/sf_code/Personal/magallanes/Magallanes/src/Mage/Command/BuiltIn/Releases/ListCommand.php">
        <class name="ListCommand" namespace="Mage\Command\BuiltIn\Releases">
          <metrics methods="2" coveredmethods="2" conditionals="0" coveredconditionals="0" statements="45" coveredstatements="45" elements="47" coveredelements="47"/>
        </class>
        <line num="33" type="method" name="configure" crap="1" count="22"/>
        <line num="36" type="stmt" count="22"/>
        <line num="37" type="stmt" count="22"/>
        <line num="38" type="stmt" count="22"/>
        <line num="40" type="stmt" count="22"/>
        <line num="51" type="method" name="execute" crap="11" count="3"/>
        <line num="53" type="stmt" count="3"/>
        <line num="54" type="stmt" count="3"/>
        <line num="57" type="stmt" count="3"/>
        <line num="58" type="stmt" count="1"/>
        <line num="59" type="stmt" count="1"/>
        <line num="60" type="stmt" count="1"/>
        <line num="63" type="stmt" count="2"/>
        <line num="64" type="stmt" count="1"/>
        <line num="67" type="stmt" count="1"/>
        <line num="68" type="stmt" count="1"/>
        <line num="70" type="stmt" count="1"/>
        <line num="71" type="stmt" count="1"/>
        <line num="74" type="stmt" count="1"/>
        <line num="76" type="stmt" count="1"/>
        <line num="77" type="stmt" count="1"/>
        <line num="81" type="stmt" count="1"/>
        <line num="83" type="stmt" count="1"/>
        <line num="84" type="stmt" count="1"/>
        <line num="87" type="stmt" count="1"/>
        <line num="90" type="stmt" count="1"/>
        <line num="91" type="stmt" count="1"/>
        <line num="95" type="stmt" count="1"/>
        <line num="96" type="stmt" count="1"/>
        <line num="98" type="stmt" count="1"/>
        <line num="102" type="stmt" count="1"/>
        <line num="105" type="stmt" count="1"/>
        <line num="106" type="stmt" count="1"/>
        <line num="110" type="stmt" count="1"/>
        <line num="111" type="stmt" count="1"/>
        <line num="113" type="stmt" count="1"/>
        <line num="115" type="stmt" count="1"/>
        <line num="116" type="stmt" count="1"/>
        <line num="118" type="stmt" count="1"/>
        <line num="120" type="stmt" count="1"/>
        <line num="121" type="stmt" count="1"/>
        <line num="124" type="stmt" count="1"/>
        <line num="127" type="stmt" count="1"/>
        <line num="132" type="stmt" count="1"/>
        <line num="133" type="stmt" count="1"/>
        <line num="137" type="stmt" count="1"/>
        <line num="139" type="stmt" count="1"/>
        <metrics loc="141" ncloc="110" classes="1" methods="2" coveredmethods="2" conditionals="0" coveredconditionals="0" statements="45" coveredstatements="45" elements="47" coveredelements="47"/>
      </file>
      <file name="/media/sf_code/Personal/magallanes/Magallanes/src/Mage/Command/BuiltIn/Releases/RollbackCommand.php">
        <class name="RollbackCommand" namespace="Mage\Command\BuiltIn\Releases">
          <metrics methods="3" coveredmethods="3" conditionals="0" coveredconditionals="0" statements="45" coveredstatements="45" elements="48" coveredelements="48"/>
        </class>
        <line num="32" type="method" name="configure" crap="1" count="22"/>
        <line num="35" type="stmt" count="22"/>
        <line num="36" type="stmt" count="22"/>
        <line num="37" type="stmt" count="22"/>
        <line num="38" type="stmt" count="22"/>
        <line num="40" type="stmt" count="22"/>
        <line num="50" type="method" name="execute" crap="6" count="3"/>
        <line num="52" type="stmt" count="3"/>
        <line num="53" type="stmt" count="3"/>
        <line num="56" type="stmt" count="3"/>
        <line num="57" type="stmt" count="1"/>
        <line num="58" type="stmt" count="1"/>
        <line num="59" type="stmt" count="1"/>
        <line num="62" type="stmt" count="2"/>
        <line num="63" type="stmt" count="1"/>
        <line num="67" type="stmt" count="1"/>
        <line num="68" type="stmt" count="1"/>
        <line num="69" type="stmt" count="1"/>
        <line num="71" type="stmt" count="1"/>
        <line num="72" type="stmt" count="1"/>
        <line num="74" type="stmt" count="1"/>
        <line num="75" type="stmt" count="1"/>
        <line num="77" type="stmt" count="1"/>
        <line num="78" type="stmt" count="1"/>
        <line num="81" type="stmt" count="1"/>
        <line num="84" type="stmt" count="1"/>
        <line num="87" type="stmt" count="1"/>
        <line num="90" type="stmt" count="1"/>
        <line num="96" type="stmt" count="1"/>
        <line num="98" type="stmt" count="1"/>
        <line num="107" type="method" name="checkReleaseAvailability" crap="7" count="1"/>
        <line num="109" type="stmt" count="1"/>
        <line num="110" type="stmt" count="1"/>
        <line num="111" type="stmt" count="1"/>
        <line num="113" type="stmt" count="1"/>
        <line num="114" type="stmt" count="1"/>
        <line num="115" type="stmt" count="1"/>
        <line num="118" type="stmt" count="1"/>
        <line num="121" type="stmt" count="1"/>
        <line num="122" type="stmt" count="1"/>
        <line num="125" type="stmt" count="1"/>
        <line num="126" type="stmt" count="1"/>
        <line num="129" type="stmt" count="1"/>
        <line num="130" type="stmt" count="1"/>
        <line num="131" type="stmt" count="1"/>
        <line num="139" type="stmt" count="1"/>
        <line num="142" type="stmt" count="1"/>
        <line num="143" type="stmt" count="1"/>
        <metrics loc="148" ncloc="111" classes="1" methods="3" coveredmethods="3" conditionals="0" coveredconditionals="0" statements="45" coveredstatements="45" elements="48" coveredelements="48"/>
      </file>
    </package>
    <package name="Mage">
      <file name="/media/sf_code/Personal/magallanes/Magallanes/src/Mage/Mage.php">
        <class name="Mage" namespace="Mage">
          <metrics methods="0" coveredmethods="0" conditionals="0" coveredconditionals="0" statements="0" coveredstatements="0" elements="0" coveredelements="0"/>
        </class>
        <metrics loc="22" ncloc="9" classes="1" methods="0" coveredmethods="0" conditionals="0" coveredconditionals="0" statements="0" coveredstatements="0" elements="0" coveredelements="0"/>
      </file>
      <file name="/media/sf_code/Personal/magallanes/Magallanes/src/Mage/MageApplication.php">
        <class name="MageApplication" namespace="Mage">
          <metrics methods="6" coveredmethods="6" conditionals="0" coveredconditionals="0" statements="36" coveredstatements="36" elements="42" coveredelements="42"/>
        </class>
        <line num="35" type="method" name="__construct" crap="1" count="24"/>
        <line num="37" type="stmt" count="24"/>
        <line num="39" type="method" name="anonymous function" crap="1" count="24"/>
        <line num="40" type="stmt" count="1"/>
        <line num="41" type="stmt" count="1"/>
        <line num="42" type="stmt" count="1"/>
        <line num="43" type="stmt" count="1"/>
        <line num="44" type="stmt" count="1"/>
        <line num="45" type="stmt" count="24"/>
        <line num="47" type="stmt" count="24"/>
        <line num="48" type="stmt" count="24"/>
        <line num="49" type="stmt" count="24"/>
        <line num="58" type="method" name="configure" crap="7" count="24"/>
        <line num="60" type="stmt" count="24"/>
        <line num="61" type="stmt" count="1"/>
        <line num="64" type="stmt" count="23"/>
        <line num="65" type="stmt" count="23"/>
        <line num="66" type="stmt" count="22"/>
        <line num="68" type="stmt" count="22"/>
        <line num="69" type="stmt" count="22"/>
        <line num="70" type="stmt" count="22"/>
        <line num="71" type="stmt" count="22"/>
        <line num="73" type="stmt" count="22"/>
        <line num="74" type="stmt" count="22"/>
        <line num="77" type="stmt" count="22"/>
        <line num="78" type="stmt" count="22"/>
        <line num="79" type="stmt" count="22"/>
        <line num="81" type="stmt" count="22"/>
        <line num="83" type="stmt" count="1"/>
        <line num="85" type="stmt" count="22"/>
        <line num="90" type="method" name="loadBuiltInCommands" crap="4" count="22"/>
        <line num="92" type="stmt" count="22"/>
        <line num="93" type="stmt" count="22"/>
        <line num="96" type="stmt" count="22"/>
        <line num="97" type="stmt" count="22"/>
        <line num="98" type="stmt" count="22"/>
        <line num="99" type="stmt" count="22"/>
        <line num="101" type="stmt" count="22"/>
        <line num="102" type="stmt" count="22"/>
        <line num="103" type="stmt" count="22"/>
        <line num="107" type="stmt" count="22"/>
        <line num="114" type="method" name="instantiateRuntime" crap="1" count="2"/>
        <line num="116" type="stmt" count="2"/>
        <line num="124" type="method" name="getRuntime" crap="1" count="12"/>
        <line num="126" type="stmt" count="12"/>
        <metrics loc="128" ncloc="94" classes="1" methods="6" coveredmethods="6" conditionals="0" coveredconditionals="0" statements="39" coveredstatements="39" elements="45" coveredelements="45"/>
      </file>
      <file name="/media/sf_code/Personal/magallanes/Magallanes/src/Mage/Utils.php">
        <class name="Utils" namespace="Mage">
          <metrics methods="3" coveredmethods="3" conditionals="0" coveredconditionals="0" statements="46" coveredstatements="46" elements="49" coveredelements="49"/>
        </class>
        <line num="29" type="method" name="getStageName" crap="6" count="13"/>
        <line num="32" type="stmt" count="13"/>
        <line num="33" type="stmt" count="13"/>
        <line num="36" type="stmt" count="12"/>
        <line num="37" type="stmt" count="12"/>
        <line num="40" type="stmt" count="11"/>
        <line num="41" type="stmt" count="11"/>
        <line num="44" type="stmt" count="11"/>
        <line num="45" type="stmt" count="11"/>
        <line num="48" type="stmt" count="11"/>
        <line num="49" type="stmt" count="11"/>
        <line num="53" type="stmt" count="1"/>
        <line num="62" type="method" name="getReleaseDate" crap="1" count="2"/>
        <line num="64" type="stmt" count="2"/>
        <line num="65" type="stmt" count="2"/>
        <line num="66" type="stmt" count="2"/>
        <line num="67" type="stmt" count="2"/>
        <line num="68" type="stmt" count="2"/>
        <line num="69" type="stmt" count="2"/>
        <line num="70" type="stmt" count="2"/>
        <line num="73" type="stmt" count="2"/>
        <line num="82" type="method" name="getTimeDiff" crap="17" count="2"/>
        <line num="84" type="stmt" count="2"/>
        <line num="85" type="stmt" count="2"/>
        <line num="86" type="stmt" count="2"/>
        <line num="88" type="stmt" count="2"/>
        <line num="89" type="stmt" count="2"/>
        <line num="90" type="stmt" count="1"/>
        <line num="91" type="stmt" count="2"/>
        <line num="92" type="stmt" count="2"/>
        <line num="93" type="stmt" count="2"/>
        <line num="94" type="stmt" count="1"/>
        <line num="96" type="stmt" count="2"/>
        <line num="98" type="stmt" count="1"/>
        <line num="99" type="stmt" count="1"/>
        <line num="100" type="stmt" count="1"/>
        <line num="101" type="stmt" count="1"/>
        <line num="103" type="stmt" count="1"/>
        <line num="105" type="stmt" count="1"/>
        <line num="106" type="stmt" count="1"/>
        <line num="107" type="stmt" count="1"/>
        <line num="108" type="stmt" count="1"/>
        <line num="110" type="stmt" count="1"/>
        <line num="112" type="stmt" count="1"/>
        <line num="113" type="stmt" count="1"/>
        <line num="114" type="stmt" count="1"/>
        <line num="115" type="stmt" count="1"/>
        <line num="117" type="stmt" count="1"/>
        <line num="122" type="stmt" count="2"/>
        <metrics loc="124" ncloc="93" classes="1" methods="3" coveredmethods="3" conditionals="0" coveredconditionals="0" statements="46" coveredstatements="46" elements="49" coveredelements="49"/>
      </file>
    </package>
    <package name="Mage\Runtime\Exception">
      <file name="/media/sf_code/Personal/magallanes/Magallanes/src/Mage/Runtime/Exception/DeploymentException.php">
        <class name="DeploymentException" namespace="Mage\Runtime\Exception">
          <metrics methods="0" coveredmethods="0" conditionals="0" coveredconditionals="0" statements="0" coveredstatements="0" elements="0" coveredelements="0"/>
        </class>
        <metrics loc="20" ncloc="7" classes="1" methods="0" coveredmethods="0" conditionals="0" coveredconditionals="0" statements="0" coveredstatements="0" elements="0" coveredelements="0"/>
      </file>
      <file name="/media/sf_code/Personal/magallanes/Magallanes/src/Mage/Runtime/Exception/InvalidEnvironmentException.php">
        <class name="InvalidEnvironmentException" namespace="Mage\Runtime\Exception">
          <metrics methods="0" coveredmethods="0" conditionals="0" coveredconditionals="0" statements="0" coveredstatements="0" elements="0" coveredelements="0"/>
        </class>
        <metrics loc="20" ncloc="7" classes="1" methods="0" coveredmethods="0" conditionals="0" coveredconditionals="0" statements="0" coveredstatements="0" elements="0" coveredelements="0"/>
      </file>
      <file name="/media/sf_code/Personal/magallanes/Magallanes/src/Mage/Runtime/Exception/RuntimeException.php">
        <class name="RuntimeException" namespace="Mage\Runtime\Exception">
          <metrics methods="0" coveredmethods="0" conditionals="0" coveredconditionals="0" statements="0" coveredstatements="0" elements="0" coveredelements="0"/>
        </class>
        <metrics loc="22" ncloc="9" classes="1" methods="0" coveredmethods="0" conditionals="0" coveredconditionals="0" statements="0" coveredstatements="0" elements="0" coveredelements="0"/>
      </file>
    </package>
    <package name="Mage\Runtime">
      <file name="/media/sf_code/Personal/magallanes/Magallanes/src/Mage/Runtime/Runtime.php">
        <class name="Runtime" namespace="Mage\Runtime">
          <metrics methods="27" coveredmethods="27" conditionals="0" coveredconditionals="0" statements="92" coveredstatements="92" elements="119" coveredelements="119"/>
        </class>
        <line num="76" type="method" name="generateReleaseId" crap="1" count="1"/>
        <line num="78" type="stmt" count="1"/>
        <line num="79" type="stmt" count="1"/>
        <line num="88" type="method" name="setReleaseId" crap="1" count="4"/>
        <line num="90" type="stmt" count="4"/>
        <line num="91" type="stmt" count="4"/>
        <line num="99" type="method" name="getReleaseId" crap="1" count="9"/>
        <line num="101" type="stmt" count="9"/>
        <line num="110" type="method" name="setRollback" crap="1" count="1"/>
        <line num="112" type="stmt" count="1"/>
        <line num="113" type="stmt" count="1"/>
        <line num="121" type="method" name="inRollback" crap="1" count="11"/>
        <line num="123" type="stmt" count="11"/>
        <line num="133" type="method" name="setVar" crap="1" count="6"/>
        <line num="135" type="stmt" count="6"/>
        <line num="136" type="stmt" count="6"/>
        <line num="146" type="method" name="getVar" crap="2" count="7"/>
        <line num="148" type="stmt" count="7"/>
        <line num="149" type="stmt" count="6"/>
        <line num="152" type="stmt" count="7"/>
        <line num="161" type="method" name="setLogger" crap="1" count="23"/>
        <line num="163" type="stmt" count="23"/>
        <line num="164" type="stmt" count="23"/>
        <line num="173" type="method" name="setConfiguration" crap="1" count="26"/>
        <line num="175" type="stmt" count="26"/>
        <line num="176" type="stmt" count="26"/>
        <line num="184" type="method" name="getConfiguration" crap="1" count="1"/>
        <line num="186" type="stmt" count="1"/>
        <line num="196" type="method" name="getConfigOptions" crap="2" count="14"/>
        <line num="198" type="stmt" count="14"/>
        <line num="199" type="stmt" count="14"/>
        <line num="202" type="stmt" count="10"/>
        <line num="215" type="method" name="getEnvironmentConfig" crap="6" count="20"/>
        <line num="217" type="stmt" count="20"/>
        <line num="218" type="stmt" count="2"/>
        <line num="221" type="stmt" count="18"/>
        <line num="222" type="stmt" count="1"/>
        <line num="225" type="stmt" count="17"/>
        <line num="226" type="stmt" count="17"/>
        <line num="227" type="stmt" count="17"/>
        <line num="228" type="stmt" count="14"/>
        <line num="230" type="stmt" count="15"/>
        <line num="234" type="stmt" count="12"/>
        <line num="244" type="method" name="setEnvironmentConfig" crap="4" count="1"/>
        <line num="246" type="stmt" count="1"/>
        <line num="247" type="stmt" count="1"/>
        <line num="248" type="stmt" count="1"/>
        <line num="252" type="stmt" count="1"/>
        <line num="262" type="method" name="setEnvironment" crap="3" count="20"/>
        <line num="264" type="stmt" count="20"/>
        <line num="265" type="stmt" count="17"/>
        <line num="266" type="stmt" count="17"/>
        <line num="269" type="stmt" count="3"/>
        <line num="277" type="method" name="getEnvironment" crap="1" count="13"/>
        <line num="279" type="stmt" count="13"/>
        <line num="288" type="method" name="setStage" crap="1" count="12"/>
        <line num="290" type="stmt" count="12"/>
        <line num="291" type="stmt" count="12"/>
        <line num="299" type="method" name="getStage" crap="1" count="12"/>
        <line num="301" type="stmt" count="12"/>
        <line num="310" type="method" name="getTasks" crap="3" count="12"/>
        <line num="312" type="stmt" count="12"/>
        <line num="313" type="stmt" count="12"/>
        <line num="314" type="stmt" count="12"/>
        <line num="315" type="stmt" count="12"/>
        <line num="319" type="stmt" count="10"/>
        <line num="328" type="method" name="setWorkingHost" crap="1" count="12"/>
        <line num="330" type="stmt" count="12"/>
        <line num="331" type="stmt" count="12"/>
        <line num="339" type="method" name="getWorkingHost" crap="1" count="13"/>
        <line num="341" type="stmt" count="13"/>
        <line num="350" type="method" name="log" crap="2" count="15"/>
        <line num="352" type="stmt" count="15"/>
        <line num="353" type="stmt" count="14"/>
        <line num="355" type="stmt" count="15"/>
        <line num="364" type="method" name="runCommand" crap="4" count="10"/>
        <line num="366" type="stmt" count="10"/>
        <line num="367" type="stmt" count="10"/>
        <line num="368" type="stmt" count="9"/>
        <line num="369" type="stmt" count="9"/>
        <line num="370" type="stmt" count="6"/>
        <line num="373" type="stmt" count="9"/>
        <line num="385" type="method" name="runLocalCommand" crap="2" count="1"/>
        <line num="387" type="stmt" count="1"/>
        <line num="389" type="stmt" count="1"/>
        <line num="390" type="stmt" count="1"/>
        <line num="391" type="stmt" count="1"/>
        <line num="393" type="stmt" count="1"/>
        <line num="394" type="stmt" count="1"/>
        <line num="395" type="stmt" count="1"/>
        <line num="398" type="stmt" count="1"/>
        <line num="410" type="method" name="runRemoteCommand" crap="4" count="9"/>
        <line num="412" type="stmt" count="9"/>
        <line num="413" type="stmt" count="9"/>
        <line num="414" type="stmt" count="9"/>
        <line num="415" type="stmt" count="9"/>
        <line num="417" type="stmt" count="9"/>
        <line num="418" type="stmt" count="1"/>
        <line num="420" type="stmt" count="8"/>
        <line num="423" type="stmt" count="9"/>
        <line num="424" type="stmt" count="6"/>
        <line num="425" type="stmt" count="6"/>
        <line num="426" type="stmt" count="1"/>
        <line num="428" type="stmt" count="5"/>
        <line num="432" type="stmt" count="9"/>
        <line num="433" type="stmt" count="9"/>
        <line num="435" type="stmt" count="9"/>
        <line num="443" type="method" name="getSSHConfig" crap="3" count="15"/>
        <line num="445" type="stmt" count="15"/>
        <line num="447" type="stmt" count="15"/>
        <line num="448" type="stmt" count="2"/>
        <line num="451" type="stmt" count="15"/>
        <line num="452" type="stmt" count="2"/>
        <line num="455" type="stmt" count="15"/>
        <line num="463" type="method" name="getTempFile" crap="1" count="1"/>
        <line num="465" type="stmt" count="1"/>
        <line num="473" type="method" name="getCurrentUser" crap="1" count="11"/>
        <line num="475" type="stmt" count="11"/>
        <line num="476" type="stmt" count="11"/>
        <metrics loc="478" ncloc="275" classes="1" methods="27" coveredmethods="27" conditionals="0" coveredconditionals="0" statements="92" coveredstatements="92" elements="119" coveredelements="119"/>
      </file>
    </package>
    <package name="Mage\Task">
      <file name="/media/sf_code/Personal/magallanes/Magallanes/src/Mage/Task/AbstractTask.php">
        <class name="AbstractTask" namespace="Mage\Task">
          <metrics methods="2" coveredmethods="2" conditionals="0" coveredconditionals="0" statements="6" coveredstatements="6" elements="8" coveredelements="8"/>
        </class>
        <line num="59" type="method" name="setOptions" crap="2" count="12"/>
        <line num="61" type="stmt" count="12"/>
        <line num="62" type="stmt" count="1"/>
        <line num="64" type="stmt" count="12"/>
        <line num="65" type="stmt" count="12"/>
        <line num="74" type="method" name="setRuntime" crap="1" count="12"/>
        <line num="76" type="stmt" count="12"/>
        <line num="77" type="stmt" count="12"/>
        <metrics loc="79" ncloc="33" classes="1" methods="2" coveredmethods="2" conditionals="0" coveredconditionals="0" statements="6" coveredstatements="6" elements="8" coveredelements="8"/>
      </file>
      <file name="/media/sf_code/Personal/magallanes/Magallanes/src/Mage/Task/ErrorException.php">
        <class name="ErrorException" namespace="Mage\Task">
          <metrics methods="1" coveredmethods="1" conditionals="0" coveredconditionals="0" statements="4" coveredstatements="4" elements="5" coveredelements="5"/>
        </class>
        <line num="22" type="method" name="getTrimmedMessage" crap="2" count="3"/>
        <line num="24" type="stmt" count="3"/>
        <line num="26" type="stmt" count="3"/>
        <line num="27" type="stmt" count="1"/>
        <line num="30" type="stmt" count="3"/>
        <metrics loc="32" ncloc="19" classes="1" methods="1" coveredmethods="1" conditionals="0" coveredconditionals="0" statements="4" coveredstatements="4" elements="5" coveredelements="5"/>
      </file>
      <file name="/media/sf_code/Personal/magallanes/Magallanes/src/Mage/Task/SkipException.php">
        <class name="SkipException" namespace="Mage\Task">
          <metrics methods="0" coveredmethods="0" conditionals="0" coveredconditionals="0" statements="0" coveredstatements="0" elements="0" coveredelements="0"/>
        </class>
        <metrics loc="22" ncloc="9" classes="1" methods="0" coveredmethods="0" conditionals="0" coveredconditionals="0" statements="0" coveredstatements="0" elements="0" coveredelements="0"/>
      </file>
      <file name="/media/sf_code/Personal/magallanes/Magallanes/src/Mage/Task/TaskFactory.php">
        <class name="TaskFactory" namespace="Mage\Task">
          <metrics methods="4" coveredmethods="4" conditionals="0" coveredconditionals="0" statements="31" coveredstatements="31" elements="35" coveredelements="35"/>
        </class>
        <line num="40" type="method" name="__construct" crap="1" count="12"/>
        <line num="42" type="stmt" count="12"/>
        <line num="43" type="stmt" count="12"/>
        <line num="44" type="stmt" count="12"/>
        <line num="51" type="method" name="add" crap="1" count="12"/>
        <line num="53" type="stmt" count="12"/>
        <line num="54" type="stmt" count="12"/>
        <line num="55" type="stmt" count="12"/>
        <line num="65" type="method" name="get" crap="5" count="12"/>
        <line num="67" type="stmt" count="12"/>
        <line num="68" type="stmt" count="8"/>
        <line num="69" type="stmt" count="8"/>
        <line num="70" type="stmt" count="8"/>
        <line num="72" type="stmt" count="12"/>
        <line num="75" type="stmt" count="12"/>
        <line num="77" type="stmt" count="11"/>
        <line num="78" type="stmt" count="11"/>
        <line num="79" type="stmt" count="11"/>
        <line num="80" type="stmt" count="2"/>
        <line num="81" type="stmt" count="1"/>
        <line num="82" type="stmt" count="1"/>
        <line num="83" type="stmt" count="1"/>
        <line num="84" type="stmt" count="1"/>
        <line num="85" type="stmt" count="1"/>
        <line num="89" type="stmt" count="1"/>
        <line num="95" type="method" name="loadBuiltInTasks" crap="4" count="12"/>
        <line num="97" type="stmt" count="12"/>
        <line num="98" type="stmt" count="12"/>
        <line num="101" type="stmt" count="12"/>
        <line num="102" type="stmt" count="12"/>
        <line num="103" type="stmt" count="12"/>
        <line num="104" type="stmt" count="12"/>
        <line num="106" type="stmt" count="12"/>
        <line num="107" type="stmt" count="12"/>
        <line num="111" type="stmt" count="12"/>
        <metrics loc="112" ncloc="70" classes="1" methods="4" coveredmethods="4" conditionals="0" coveredconditionals="0" statements="31" coveredstatements="31" elements="35" coveredelements="35"/>
      </file>
    </package>
    <package name="Mage\Task\BuiltIn\Composer">
      <file name="/media/sf_code/Personal/magallanes/Magallanes/src/Mage/Task/BuiltIn/Composer/DumpAutoloadTask.php">
        <class name="DumpAutoloadTask" namespace="Mage\Task\BuiltIn\Composer">
          <metrics methods="4" coveredmethods="4" conditionals="0" coveredconditionals="0" statements="12" coveredstatements="12" elements="16" coveredelements="16"/>
        </class>
        <line num="23" type="method" name="getName" crap="1" count="12"/>
        <line num="25" type="stmt" count="12"/>
        <line num="28" type="method" name="getDescription" crap="1" count="10"/>
        <line num="30" type="stmt" count="10"/>
        <line num="33" type="method" name="execute" crap="1" count="9"/>
        <line num="35" type="stmt" count="9"/>
        <line num="36" type="stmt" count="9"/>
        <line num="39" type="stmt" count="9"/>
        <line num="41" type="stmt" count="9"/>
        <line num="44" type="method" name="getOptions" crap="2" count="9"/>
        <line num="46" type="stmt" count="9"/>
        <line num="47" type="stmt" count="9"/>
        <line num="48" type="stmt" count="9"/>
        <line num="49" type="stmt" count="9"/>
        <line num="50" type="stmt" count="9"/>
        <line num="53" type="stmt" count="9"/>
        <metrics loc="55" ncloc="41" classes="1" methods="4" coveredmethods="4" conditionals="0" coveredconditionals="0" statements="12" coveredstatements="12" elements="16" coveredelements="16"/>
      </file>
      <file name="/media/sf_code/Personal/magallanes/Magallanes/src/Mage/Task/BuiltIn/Composer/InstallTask.php">
        <class name="InstallTask" namespace="Mage\Task\BuiltIn\Composer">
          <metrics methods="4" coveredmethods="4" conditionals="0" coveredconditionals="0" statements="12" coveredstatements="12" elements="16" coveredelements="16"/>
        </class>
        <line num="23" type="method" name="getName" crap="1" count="12"/>
        <line num="25" type="stmt" count="12"/>
        <line num="28" type="method" name="getDescription" crap="1" count="10"/>
        <line num="30" type="stmt" count="10"/>
        <line num="33" type="method" name="execute" crap="1" count="9"/>
        <line num="35" type="stmt" count="9"/>
        <line num="36" type="stmt" count="9"/>
        <line num="39" type="stmt" count="9"/>
        <line num="41" type="stmt" count="9"/>
        <line num="44" type="method" name="getOptions" crap="2" count="9"/>
        <line num="46" type="stmt" count="9"/>
        <line num="47" type="stmt" count="9"/>
        <line num="48" type="stmt" count="9"/>
        <line num="49" type="stmt" count="9"/>
        <line num="50" type="stmt" count="9"/>
        <line num="53" type="stmt" count="9"/>
        <metrics loc="55" ncloc="41" classes="1" methods="4" coveredmethods="4" conditionals="0" coveredconditionals="0" statements="12" coveredstatements="12" elements="16" coveredelements="16"/>
      </file>
    </package>
    <package name="Mage\Task\BuiltIn\Deploy\Release">
      <file name="/media/sf_code/Personal/magallanes/Magallanes/src/Mage/Task/BuiltIn/Deploy/Release/CleanupTask.php">
        <class name="CleanupTask" namespace="Mage\Task\BuiltIn\Deploy\Release">
          <metrics methods="3" coveredmethods="3" conditionals="0" coveredconditionals="0" statements="20" coveredstatements="20" elements="23" coveredelements="23"/>
        </class>
        <line num="23" type="method" name="getName" crap="1" count="12"/>
        <line num="25" type="stmt" count="12"/>
        <line num="28" type="method" name="getDescription" crap="1" count="1"/>
        <line num="30" type="stmt" count="1"/>
        <line num="33" type="method" name="execute" crap="6" count="1"/>
        <line num="35" type="stmt" count="1"/>
        <line num="36" type="stmt" count="1"/>
        <line num="37" type="stmt" count="1"/>
        <line num="39" type="stmt" count="1"/>
        <line num="42" type="stmt" count="1"/>
        <line num="43" type="stmt" count="1"/>
        <line num="44" type="stmt" count="1"/>
        <line num="45" type="stmt" count="1"/>
        <line num="47" type="stmt" count="1"/>
        <line num="48" type="stmt" count="1"/>
        <line num="49" type="stmt" count="1"/>
        <line num="50" type="stmt" count="1"/>
        <line num="51" type="stmt" count="1"/>
        <line num="52" type="stmt" count="1"/>
        <line num="54" type="stmt" count="1"/>
        <line num="55" type="stmt" count="1"/>
        <line num="56" type="stmt" count="1"/>
        <line num="62" type="stmt" count="1"/>
        <metrics loc="67" ncloc="52" classes="1" methods="3" coveredmethods="3" conditionals="0" coveredconditionals="0" statements="20" coveredstatements="20" elements="23" coveredelements="23"/>
      </file>
      <file name="/media/sf_code/Personal/magallanes/Magallanes/src/Mage/Task/BuiltIn/Deploy/Release/PrepareTask.php">
        <class name="PrepareTask" namespace="Mage\Task\BuiltIn\Deploy\Release">
          <metrics methods="3" coveredmethods="3" conditionals="0" coveredconditionals="0" statements="6" coveredstatements="6" elements="9" coveredelements="9"/>
        </class>
        <line num="23" type="method" name="getName" crap="1" count="12"/>
        <line num="25" type="stmt" count="12"/>
        <line num="28" type="method" name="getDescription" crap="1" count="2"/>
        <line num="30" type="stmt" count="2"/>
        <line num="33" type="method" name="execute" crap="1" count="2"/>
        <line num="35" type="stmt" count="2"/>
        <line num="37" type="stmt" count="2"/>
        <line num="40" type="stmt" count="2"/>
        <line num="41" type="stmt" count="2"/>
        <metrics loc="43" ncloc="29" classes="1" methods="3" coveredmethods="3" conditionals="0" coveredconditionals="0" statements="6" coveredstatements="6" elements="9" coveredelements="9"/>
      </file>
    </package>
    <package name="Mage\Task\BuiltIn\Deploy">
      <file name="/media/sf_code/Personal/magallanes/Magallanes/src/Mage/Task/BuiltIn/Deploy/ReleaseTask.php">
        <class name="ReleaseTask" namespace="Mage\Task\BuiltIn\Deploy">
          <metrics methods="3" coveredmethods="3" conditionals="0" coveredconditionals="0" statements="7" coveredstatements="7" elements="10" coveredelements="10"/>
        </class>
        <line num="24" type="method" name="getName" crap="1" count="12"/>
        <line num="26" type="stmt" count="12"/>
        <line num="29" type="method" name="getDescription" crap="1" count="2"/>
        <line num="31" type="stmt" count="2"/>
        <line num="34" type="method" name="execute" crap="1" count="2"/>
        <line num="36" type="stmt" count="2"/>
        <line num="37" type="stmt" count="2"/>
        <line num="39" type="stmt" count="2"/>
        <line num="42" type="stmt" count="2"/>
        <line num="43" type="stmt" count="2"/>
        <metrics loc="45" ncloc="31" classes="1" methods="3" coveredmethods="3" conditionals="0" coveredconditionals="0" statements="7" coveredstatements="7" elements="10" coveredelements="10"/>
      </file>
      <file name="/media/sf_code/Personal/magallanes/Magallanes/src/Mage/Task/BuiltIn/Deploy/RsyncTask.php">
        <class name="RsyncTask" namespace="Mage\Task\BuiltIn\Deploy">
          <metrics methods="4" coveredmethods="4" conditionals="0" coveredconditionals="0" statements="19" coveredstatements="19" elements="23" coveredelements="23"/>
        </class>
        <line num="24" type="method" name="getName" crap="1" count="12"/>
        <line num="26" type="stmt" count="12"/>
        <line num="29" type="method" name="getDescription" crap="1" count="9"/>
        <line num="31" type="stmt" count="9"/>
        <line num="34" type="method" name="execute" crap="2" count="9"/>
        <line num="36" type="stmt" count="9"/>
        <line num="37" type="stmt" count="9"/>
        <line num="38" type="stmt" count="9"/>
        <line num="39" type="stmt" count="9"/>
        <line num="40" type="stmt" count="9"/>
        <line num="41" type="stmt" count="9"/>
        <line num="43" type="stmt" count="9"/>
        <line num="44" type="stmt" count="1"/>
        <line num="47" type="stmt" count="8"/>
        <line num="48" type="stmt" count="8"/>
        <line num="51" type="stmt" count="8"/>
        <line num="52" type="stmt" count="8"/>
        <line num="55" type="method" name="getExcludes" crap="2" count="8"/>
        <line num="57" type="stmt" count="8"/>
        <line num="58" type="stmt" count="8"/>
        <line num="60" type="stmt" count="8"/>
        <line num="61" type="stmt" count="8"/>
        <line num="64" type="stmt" count="8"/>
        <metrics loc="66" ncloc="52" classes="1" methods="4" coveredmethods="4" conditionals="0" coveredconditionals="0" statements="19" coveredstatements="19" elements="23" coveredelements="23"/>
      </file>
    </package>
    <package name="Mage\Task\BuiltIn\Deploy\TarGz">
      <file name="/media/sf_code/Personal/magallanes/Magallanes/src/Mage/Task/BuiltIn/Deploy/TarGz/CleanupTask.php">
        <class name="CleanupTask" namespace="Mage\Task\BuiltIn\Deploy\TarGz">
          <metrics methods="3" coveredmethods="3" conditionals="0" coveredconditionals="0" statements="8" coveredstatements="8" elements="11" coveredelements="11"/>
        </class>
        <line num="24" type="method" name="getName" crap="1" count="12"/>
        <line num="26" type="stmt" count="12"/>
        <line num="29" type="method" name="getDescription" crap="1" count="2"/>
        <line num="31" type="stmt" count="2"/>
        <line num="34" type="method" name="execute" crap="2" count="2"/>
        <line num="36" type="stmt" count="2"/>
        <line num="37" type="stmt" count="1"/>
        <line num="40" type="stmt" count="1"/>
        <line num="42" type="stmt" count="1"/>
        <line num="45" type="stmt" count="1"/>
        <line num="46" type="stmt" count="1"/>
        <metrics loc="48" ncloc="34" classes="1" methods="3" coveredmethods="3" conditionals="0" coveredconditionals="0" statements="8" coveredstatements="8" elements="11" coveredelements="11"/>
      </file>
      <file name="/media/sf_code/Personal/magallanes/Magallanes/src/Mage/Task/BuiltIn/Deploy/TarGz/CopyTask.php">
        <class name="CopyTask" namespace="Mage\Task\BuiltIn\Deploy\TarGz">
          <metrics methods="3" coveredmethods="3" conditionals="0" coveredconditionals="0" statements="21" coveredstatements="21" elements="24" coveredelements="24"/>
        </class>
        <line num="24" type="method" name="getName" crap="1" count="12"/>
        <line num="26" type="stmt" count="12"/>
        <line num="29" type="method" name="getDescription" crap="1" count="2"/>
        <line num="31" type="stmt" count="2"/>
        <line num="34" type="method" name="execute" crap="5" count="2"/>
        <line num="36" type="stmt" count="2"/>
        <line num="40" type="stmt" count="2"/>
        <line num="41" type="stmt" count="2"/>
        <line num="42" type="stmt" count="2"/>
        <line num="43" type="stmt" count="2"/>
        <line num="44" type="stmt" count="2"/>
        <line num="46" type="stmt" count="2"/>
        <line num="48" type="stmt" count="2"/>
        <line num="49" type="stmt" count="2"/>
        <line num="51" type="stmt" count="2"/>
        <line num="54" type="stmt" count="2"/>
        <line num="55" type="stmt" count="2"/>
        <line num="56" type="stmt" count="2"/>
        <line num="57" type="stmt" count="2"/>
        <line num="58" type="stmt" count="2"/>
        <line num="59" type="stmt" count="2"/>
        <line num="60" type="stmt" count="2"/>
        <line num="61" type="stmt" count="2"/>
        <line num="62" type="stmt" count="2"/>
        <metrics loc="69" ncloc="55" classes="1" methods="3" coveredmethods="3" conditionals="0" coveredconditionals="0" statements="21" coveredstatements="21" elements="24" coveredelements="24"/>
      </file>
      <file name="/media/sf_code/Personal/magallanes/Magallanes/src/Mage/Task/BuiltIn/Deploy/TarGz/PrepareTask.php">
        <class name="PrepareTask" namespace="Mage\Task\BuiltIn\Deploy\TarGz">
          <metrics methods="4" coveredmethods="4" conditionals="0" coveredconditionals="0" statements="14" coveredstatements="14" elements="18" coveredelements="18"/>
        </class>
        <line num="24" type="method" name="getName" crap="1" count="12"/>
        <line num="26" type="stmt" count="12"/>
        <line num="29" type="method" name="getDescription" crap="1" count="2"/>
        <line num="31" type="stmt" count="2"/>
        <line num="34" type="method" name="execute" crap="2" count="2"/>
        <line num="36" type="stmt" count="2"/>
        <line num="40" type="stmt" count="2"/>
        <line num="41" type="stmt" count="2"/>
        <line num="43" type="stmt" count="2"/>
        <line num="44" type="stmt" count="2"/>
        <line num="47" type="stmt" count="2"/>
        <line num="48" type="stmt" count="2"/>
        <line num="51" type="method" name="getExcludes" crap="2" count="2"/>
        <line num="53" type="stmt" count="2"/>
        <line num="54" type="stmt" count="2"/>
        <line num="56" type="stmt" count="2"/>
        <line num="57" type="stmt" count="2"/>
        <line num="60" type="stmt" count="2"/>
        <metrics loc="62" ncloc="48" classes="1" methods="4" coveredmethods="4" conditionals="0" coveredconditionals="0" statements="14" coveredstatements="14" elements="18" coveredelements="18"/>
      </file>
    </package>
    <package name="Mage\Task\BuiltIn\Git">
      <file name="/media/sf_code/Personal/magallanes/Magallanes/src/Mage/Task/BuiltIn/Git/ChangeBranchTask.php">
        <class name="ChangeBranchTask" namespace="Mage\Task\BuiltIn\Git">
          <metrics methods="4" coveredmethods="4" conditionals="0" coveredconditionals="0" statements="29" coveredstatements="29" elements="33" coveredelements="33"/>
        </class>
        <line num="24" type="method" name="getName" crap="1" count="12"/>
        <line num="26" type="stmt" count="12"/>
        <line num="29" type="method" name="getDescription" crap="2" count="7"/>
        <line num="31" type="stmt" count="7"/>
        <line num="32" type="stmt" count="7"/>
        <line num="34" type="stmt" count="7"/>
        <line num="35" type="stmt" count="6"/>
        <line num="38" type="stmt" count="7"/>
        <line num="41" type="method" name="execute" crap="4" count="7"/>
        <line num="43" type="stmt" count="7"/>
        <line num="44" type="stmt" count="7"/>
        <line num="46" type="stmt" count="7"/>
        <line num="47" type="stmt" count="7"/>
        <line num="50" type="stmt" count="7"/>
        <line num="51" type="stmt" count="7"/>
        <line num="52" type="stmt" count="7"/>
        <line num="54" type="stmt" count="7"/>
        <line num="55" type="stmt" count="1"/>
        <line num="57" type="stmt" count="6"/>
        <line num="60" type="stmt" count="6"/>
        <line num="63" type="stmt" count="5"/>
        <line num="66" type="stmt" count="6"/>
        <line num="69" type="stmt" count="6"/>
        <line num="70" type="stmt" count="6"/>
        <line num="73" type="method" name="getOptions" crap="2" count="7"/>
        <line num="75" type="stmt" count="7"/>
        <line num="76" type="stmt" count="7"/>
        <line num="77" type="stmt" count="7"/>
        <line num="78" type="stmt" count="7"/>
        <line num="81" type="stmt" count="7"/>
        <line num="82" type="stmt" count="7"/>
        <line num="83" type="stmt" count="7"/>
        <line num="86" type="stmt" count="7"/>
        <metrics loc="88" ncloc="73" classes="1" methods="4" coveredmethods="4" conditionals="0" coveredconditionals="0" statements="29" coveredstatements="29" elements="33" coveredelements="33"/>
      </file>
      <file name="/media/sf_code/Personal/magallanes/Magallanes/src/Mage/Task/BuiltIn/Git/UpdateTask.php">
        <class name="UpdateTask" namespace="Mage\Task\BuiltIn\Git">
          <metrics methods="4" coveredmethods="4" conditionals="0" coveredconditionals="0" statements="14" coveredstatements="14" elements="18" coveredelements="18"/>
        </class>
        <line num="23" type="method" name="getName" crap="1" count="12"/>
        <line num="25" type="stmt" count="12"/>
        <line num="28" type="method" name="getDescription" crap="1" count="8"/>
        <line num="30" type="stmt" count="8"/>
        <line num="33" type="method" name="execute" crap="1" count="7"/>
        <line num="35" type="stmt" count="7"/>
        <line num="36" type="stmt" count="7"/>
        <line num="39" type="stmt" count="7"/>
        <line num="41" type="stmt" count="7"/>
        <line num="44" type="method" name="getOptions" crap="2" count="7"/>
        <line num="46" type="stmt" count="7"/>
        <line num="47" type="stmt" count="7"/>
        <line num="48" type="stmt" count="7"/>
        <line num="49" type="stmt" count="7"/>
        <line num="52" type="stmt" count="7"/>
        <line num="53" type="stmt" count="7"/>
        <line num="54" type="stmt" count="7"/>
        <line num="57" type="stmt" count="7"/>
        <metrics loc="59" ncloc="45" classes="1" methods="4" coveredmethods="4" conditionals="0" coveredconditionals="0" statements="14" coveredstatements="14" elements="18" coveredelements="18"/>
      </file>
    </package>
    <package name="Mage\Task\BuiltIn\Symfony">
      <file name="/media/sf_code/Personal/magallanes/Magallanes/src/Mage/Task/BuiltIn/Symfony/AsseticDumpTask.php">
        <class name="AsseticDumpTask" namespace="Mage\Task\BuiltIn\Symfony">
          <metrics methods="4" coveredmethods="4" conditionals="0" coveredconditionals="0" statements="14" coveredstatements="14" elements="18" coveredelements="18"/>
        </class>
        <line num="23" type="method" name="getName" crap="1" count="12"/>
        <line num="25" type="stmt" count="12"/>
        <line num="28" type="method" name="getDescription" crap="1" count="7"/>
        <line num="30" type="stmt" count="7"/>
        <line num="33" type="method" name="execute" crap="1" count="6"/>
        <line num="35" type="stmt" count="6"/>
        <line num="36" type="stmt" count="6"/>
        <line num="39" type="stmt" count="6"/>
        <line num="41" type="stmt" count="6"/>
        <line num="44" type="method" name="getOptions" crap="3" count="6"/>
        <line num="46" type="stmt" count="6"/>
        <line num="47" type="stmt" count="6"/>
        <line num="48" type="stmt" count="6"/>
        <line num="49" type="stmt" count="6"/>
        <line num="50" type="stmt" count="6"/>
        <line num="51" type="stmt" count="6"/>
        <line num="52" type="stmt" count="6"/>
        <line num="55" type="stmt" count="6"/>
        <metrics loc="57" ncloc="43" classes="1" methods="4" coveredmethods="4" conditionals="0" coveredconditionals="0" statements="14" coveredstatements="14" elements="18" coveredelements="18"/>
      </file>
      <file name="/media/sf_code/Personal/magallanes/Magallanes/src/Mage/Task/BuiltIn/Symfony/AssetsInstallTask.php">
        <class name="AssetsInstallTask" namespace="Mage\Task\BuiltIn\Symfony">
          <metrics methods="4" coveredmethods="4" conditionals="0" coveredconditionals="0" statements="14" coveredstatements="14" elements="18" coveredelements="18"/>
        </class>
        <line num="23" type="method" name="getName" crap="1" count="12"/>
        <line num="25" type="stmt" count="12"/>
        <line num="28" type="method" name="getDescription" crap="1" count="7"/>
        <line num="30" type="stmt" count="7"/>
        <line num="33" type="method" name="execute" crap="1" count="6"/>
        <line num="35" type="stmt" count="6"/>
        <line num="36" type="stmt" count="6"/>
        <line num="39" type="stmt" count="6"/>
        <line num="41" type="stmt" count="6"/>
        <line num="44" type="method" name="getOptions" crap="3" count="6"/>
        <line num="46" type="stmt" count="6"/>
        <line num="47" type="stmt" count="6"/>
        <line num="48" type="stmt" count="6"/>
        <line num="49" type="stmt" count="6"/>
        <line num="50" type="stmt" count="6"/>
        <line num="51" type="stmt" count="6"/>
        <line num="52" type="stmt" count="6"/>
        <line num="55" type="stmt" count="6"/>
        <metrics loc="57" ncloc="43" classes="1" methods="4" coveredmethods="4" conditionals="0" coveredconditionals="0" statements="14" coveredstatements="14" elements="18" coveredelements="18"/>
      </file>
      <file name="/media/sf_code/Personal/magallanes/Magallanes/src/Mage/Task/BuiltIn/Symfony/CacheClearTask.php">
        <class name="CacheClearTask" namespace="Mage\Task\BuiltIn\Symfony">
          <metrics methods="4" coveredmethods="4" conditionals="0" coveredconditionals="0" statements="14" coveredstatements="14" elements="18" coveredelements="18"/>
        </class>
        <line num="23" type="method" name="getName" crap="1" count="12"/>
        <line num="25" type="stmt" count="12"/>
        <line num="28" type="method" name="getDescription" crap="1" count="1"/>
        <line num="30" type="stmt" count="1"/>
        <line num="33" type="method" name="execute" crap="1" count="1"/>
        <line num="35" type="stmt" count="1"/>
        <line num="36" type="stmt" count="1"/>
        <line num="39" type="stmt" count="1"/>
        <line num="41" type="stmt" count="1"/>
        <line num="44" type="method" name="getOptions" crap="3" count="1"/>
        <line num="46" type="stmt" count="1"/>
        <line num="47" type="stmt" count="1"/>
        <line num="48" type="stmt" count="1"/>
        <line num="49" type="stmt" count="1"/>
        <line num="50" type="stmt" count="1"/>
        <line num="51" type="stmt" count="1"/>
        <line num="52" type="stmt" count="1"/>
        <line num="55" type="stmt" count="1"/>
        <metrics loc="57" ncloc="43" classes="1" methods="4" coveredmethods="4" conditionals="0" coveredconditionals="0" statements="14" coveredstatements="14" elements="18" coveredelements="18"/>
      </file>
      <file name="/media/sf_code/Personal/magallanes/Magallanes/src/Mage/Task/BuiltIn/Symfony/CacheWarmupTask.php">
        <class name="CacheWarmupTask" namespace="Mage\Task\BuiltIn\Symfony">
          <metrics methods="4" coveredmethods="4" conditionals="0" coveredconditionals="0" statements="14" coveredstatements="14" elements="18" coveredelements="18"/>
        </class>
        <line num="23" type="method" name="getName" crap="1" count="12"/>
        <line num="25" type="stmt" count="12"/>
        <line num="28" type="method" name="getDescription" crap="1" count="7"/>
        <line num="30" type="stmt" count="7"/>
        <line num="33" type="method" name="execute" crap="1" count="6"/>
        <line num="35" type="stmt" count="6"/>
        <line num="36" type="stmt" count="6"/>
        <line num="39" type="stmt" count="6"/>
        <line num="41" type="stmt" count="6"/>
        <line num="44" type="method" name="getOptions" crap="3" count="6"/>
        <line num="46" type="stmt" count="6"/>
        <line num="47" type="stmt" count="6"/>
        <line num="48" type="stmt" count="6"/>
        <line num="49" type="stmt" count="6"/>
        <line num="50" type="stmt" count="6"/>
        <line num="51" type="stmt" count="6"/>
        <line num="52" type="stmt" count="6"/>
        <line num="55" type="stmt" count="6"/>
        <metrics loc="57" ncloc="43" classes="1" methods="4" coveredmethods="4" conditionals="0" coveredconditionals="0" statements="14" coveredstatements="14" elements="18" coveredelements="18"/>
      </file>
    </package>
    <file name="/media/sf_code/Personal/magallanes/Magallanes/src/Mage/Task/ExecuteOnRollbackInterface.php">
      <metrics loc="20" ncloc="7" classes="0" methods="0" coveredmethods="0" conditionals="0" coveredconditionals="0" statements="0" coveredstatements="0" elements="0" coveredelements="0"/>
    </file>
    <metrics files="34" loc="2798" ncloc="1913" classes="33" methods="116" coveredmethods="116" conditionals="0" coveredconditionals="0" statements="684" coveredstatements="684" elements="800" coveredelements="800"/>
  </project>
</coverage>
